<?xml version="1.0" encoding="UTF-8"?>
<!-- Generated by org.testng.reporters.JUnitXMLReporter -->
<testsuite hostname="sjcnayasr01-mac" ignored="1" name="Group Test two" tests="2" failures="0" timestamp="14 May 2019 03:16:45 GMT" time="0.006" errors="0">
  <testcase name="testMethodThree" time="0.002" classname="week3.day1.groups.MultiGroupExample"/>
  <testcase name="testMethodTwo" time="0.001" classname="week3.day1.groups.MultiGroupExample"/>
  <testcase name="testMethodOne" time="0.0" classname="week3.day1.groups.MultiGroupExample">
    <ignored/>
  </testcase> <!-- testMethodOne -->
</testsuite> <!-- Group Test two -->
