<?xml version="1.0" encoding="UTF-8"?>
<!-- Generated by org.testng.reporters.JUnitXMLReporter -->
<testsuite hostname="sjcnayasr01-mac.local" ignored="0" name="Testing Parameterization" tests="2" failures="0" timestamp="13 May 2019 21:21:38 GMT" time="0.04" errors="0">
  <testcase name="testCaseOne" time="0.008" classname="week3.day1.parameters.TestParameters"/>
  <testcase name="testCaseTwo" time="0.002" classname="week3.day1.parameters.TestParameters"/>
</testsuite> <!-- Testing Parameterization -->
