<?xml version="1.0" encoding="UTF-8"?>
<testng-results skipped="0" failed="0" ignored="2" total="6" passed="4">
  <reporter-output>
  </reporter-output>
  <suite name="Multi Group Suite" duration-ms="1075" started-at="2019-05-14T03:16:44Z" finished-at="2019-05-14T03:16:45Z">
    <groups>
      <group name="group-one">
        <method signature="MultiGroupExample.testMethodOne()[pri:0, instance:week3.day1.groups.MultiGroupExample@5d5eef3d]" name="testMethodOne" class="week3.day1.groups.MultiGroupExample"/>
        <method signature="MultiGroupExample.testMethodTwo()[pri:0, instance:week3.day1.groups.MultiGroupExample@5d5eef3d]" name="testMethodTwo" class="week3.day1.groups.MultiGroupExample"/>
        <method signature="MultiGroupExample.testMethodTwo()[pri:0, instance:week3.day1.groups.MultiGroupExample@29ee9faa]" name="testMethodTwo" class="week3.day1.groups.MultiGroupExample"/>
      </group> <!-- group-one -->
      <group name="group-two">
        <method signature="MultiGroupExample.testMethodTwo()[pri:0, instance:week3.day1.groups.MultiGroupExample@5d5eef3d]" name="testMethodTwo" class="week3.day1.groups.MultiGroupExample"/>
        <method signature="MultiGroupExample.testMethodThree()[pri:0, instance:week3.day1.groups.MultiGroupExample@29ee9faa]" name="testMethodThree" class="week3.day1.groups.MultiGroupExample"/>
        <method signature="MultiGroupExample.testMethodTwo()[pri:0, instance:week3.day1.groups.MultiGroupExample@29ee9faa]" name="testMethodTwo" class="week3.day1.groups.MultiGroupExample"/>
      </group> <!-- group-two -->
    </groups>
    <test name="Group Test one" duration-ms="29" started-at="2019-05-14T03:16:44Z" finished-at="2019-05-14T03:16:44Z">
      <class name="week3.day1.groups.MultiGroupExample">
        <test-method status="PASS" signature="testMethodOne()[pri:0, instance:week3.day1.groups.MultiGroupExample@5d5eef3d]" name="testMethodOne" duration-ms="7" started-at="2019-05-14T03:16:44Z" finished-at="2019-05-14T03:16:44Z">
          <reporter-output>
          </reporter-output>
        </test-method> <!-- testMethodOne -->
        <test-method status="PASS" signature="testMethodTwo()[pri:0, instance:week3.day1.groups.MultiGroupExample@5d5eef3d]" name="testMethodTwo" duration-ms="1" started-at="2019-05-14T03:16:44Z" finished-at="2019-05-14T03:16:44Z">
          <reporter-output>
          </reporter-output>
        </test-method> <!-- testMethodTwo -->
      </class> <!-- week3.day1.groups.MultiGroupExample -->
    </test> <!-- Group Test one -->
    <test name="Group Test two" duration-ms="6" started-at="2019-05-14T03:16:45Z" finished-at="2019-05-14T03:16:45Z">
      <class name="week3.day1.groups.MultiGroupExample">
        <test-method status="PASS" signature="testMethodThree()[pri:0, instance:week3.day1.groups.MultiGroupExample@29ee9faa]" name="testMethodThree" duration-ms="2" started-at="2019-05-14T03:16:45Z" finished-at="2019-05-14T03:16:45Z">
          <reporter-output>
          </reporter-output>
        </test-method> <!-- testMethodThree -->
        <test-method status="PASS" signature="testMethodTwo()[pri:0, instance:week3.day1.groups.MultiGroupExample@29ee9faa]" name="testMethodTwo" duration-ms="1" started-at="2019-05-14T03:16:45Z" finished-at="2019-05-14T03:16:45Z">
          <reporter-output>
          </reporter-output>
        </test-method> <!-- testMethodTwo -->
      </class> <!-- week3.day1.groups.MultiGroupExample -->
    </test> <!-- Group Test two -->
  </suite> <!-- Multi Group Suite -->
</testng-results>
